
Collecting usage statistics. To deactivate, set browser.gatherUsageStats to false.

2026-07-06 09:07:44.541 Uvicorn server started on 0.0.0.0:8501

  You can now view your Streamlit app in your browser.

  Local URL: http://localhost:8501
  Network URL: http://172.28.0.12:8501
  External URL: http://34.126.81.12:8501

[31m──[0m[31m────────────────────────[0m[31m [0m[1;31mTraceback [0m[1;2;31m(most recent call last)[0m[31m [0m[31m─────────────────────────[0m[31m──[0m
[31m [0m [2;33m/usr/local/lib/python3.12/dist-packages/pandas/core/indexes/[0m[1;33mbase.py[0m:[94m3805[0m in [92mget_loc[0m  [31m [0m
[31m [0m                                                                                      [31m [0m
[31m [0m   [2m3802 [0m[2;33m│   │   [0m[33m"""[0m                                                                   [31m [0m
[31m [0m   [2m3803 [0m[2m│   │   [0mcasted_key = [96mself[0m._maybe_cast_indexer(key)                            [31m [0m
[31m [0m   [2m3804 [0m[2m│   │   [0m[94mtry[0m:                                                                  [31m [0m
[31m [0m [31m❱ [0m3805 [2m│   │   │   [0m[94mreturn[0m [96mself[0m._engine.get_loc(casted_key)                           [31m [0m
[31m [0m   [2m3806 [0m[2m│   │   [0m[94mexcept[0m [96mKeyError[0m [94mas[0m err:                                               [31m [0m
[31m [0m   [2m3807 [0m[2m│   │   │   [0m[94mif[0m [96misinstance[0m(casted_key, [96mslice[0m) [95mor[0m (                             [31m [0m
[31m [0m   [2m3808 [0m[2m│   │   │   │   [0m[96misinstance[0m(casted_key, abc.Iterable)                          [31m [0m
[31m [0m                                                                                      [31m [0m
[31m [0m in [92mpandas._libs.index.IndexEngine.get_loc[0m:[94m167[0m                                        [31m [0m
[31m [0m                                                                                      [31m [0m
[31m [0m in [92mpandas._libs.index.IndexEngine.get_loc[0m:[94m196[0m                                        [31m [0m
[31m [0m                                                                                      [31m [0m
[31m [0m in [92mpandas._libs.hashtable.PyObjectHashTable.get_item[0m:[94m7081[0m                            [31m [0m
[31m [0m                                                                                      [31m [0m
[31m [0m in [92mpandas._libs.hashtable.PyObjectHashTable.get_item[0m:[94m7089[0m                            [31m [0m
[31m────────────────────────────────────────────────────────────────────────────────────────[0m
[1;91mKeyError: [0m[32m'retrieval_text'[0m

[3mThe above exception was the direct cause of the following exception:[0m

[31m──[0m[31m────────────────────────[0m[31m [0m[1;31mTraceback [0m[1;2;31m(most recent call last)[0m[31m [0m[31m─────────────────────────[0m[31m──[0m
[31m [0m [2;33m/usr/local/lib/python3.12/dist-packages/streamlit/runtime/scriptrunner/[0m[1;33mexec_code.py[0m: [31m [0m
[31m [0m [94m129[0m in [92mexec_func_with_error_handling[0m                                                 [31m [0m
[31m [0m                                                                                      [31m [0m
[31m [0m [2;33m/usr/local/lib/python3.12/dist-packages/streamlit/runtime/scriptrunner/[0m[1;33mscript_runner[0m [31m [0m
[31m [0m [1;33m.py[0m:[94m789[0m in [92mcode_to_exec[0m                                                              [31m [0m
[31m [0m                                                                                      [31m [0m
[31m [0m [2;33m/content/drive/MyDrive/upsc_rag_project/app/[0m[1;33mapp.py[0m:[94m23[0m in [92m<module>[0m                    [31m [0m
[31m [0m                                                                                      [31m [0m
[31m [0m   [2m20 [0m[2m# Load models only once[0m                                                         [31m [0m
[31m [0m   [2m21 [0m[94mif[0m [33m"[0m[33mretriever[0m[33m"[0m [95mnot[0m [95min[0m st.session_state:                                         [31m [0m
[31m [0m   [2m22 [0m[2m│   [0m[94mwith[0m st.spinner([33m"[0m[33mLoading Retriever...[0m[33m"[0m):                                    [31m [0m
[31m [0m [31m❱ [0m23 [2m│   │   [0mst.session_state.retriever = [1;4mload_retriever()[0m                           [31m [0m
[31m [0m   [2m24 [0m                                                                                [31m [0m
[31m [0m   [2m25 [0m[94mif[0m [33m"[0m[33mgenerator[0m[33m"[0m [95mnot[0m [95min[0m st.session_state:                                         [31m [0m
[31m [0m   [2m26 [0m[2m│   [0m[94mwith[0m st.spinner([33m"[0m[33mLoading Generator...[0m[33m"[0m):                                    [31m [0m
[31m [0m                                                                                      [31m [0m
[31m [0m [2;33m/content/drive/MyDrive/upsc_rag_project/app/[0m[1;33mutils.py[0m:[94m41[0m in [92mload_retriever[0m            [31m [0m
[31m [0m                                                                                      [31m [0m
[31m [0m   [2m38 [0m[2m│   [0m)                                                                           [31m [0m
[31m [0m   [2m39 [0m[2m│   [0m                                                                            [31m [0m
[31m [0m   [2m40 [0m[2m│   [0mbm25 = BM25Retriever()                                                      [31m [0m
[31m [0m [31m❱ [0m41 [2m│   [0m[1;4mbm25.build(documents)[0m                                                       [31m [0m
[31m [0m   [2m42 [0m[2m│   [0m                                                                            [31m [0m
[31m [0m   [2m43 [0m[2m│   [0mdense = DenseRetriever()                                                    [31m [0m
[31m [0m   [2m44 [0m[2m│   [0mdense.build(documents)                                                      [31m [0m
[31m [0m                                                                                      [31m [0m
[31m [0m [2;33m/content/drive/MyDrive/upsc_rag_project/retrieval/[0m[1;33mbm25.py[0m:[94m41[0m in [92mbuild[0m                [31m [0m
[31m [0m                                                                                      [31m [0m
[31m [0m   [2m38 [0m[2m│   │   [0m                                                                        [31m [0m
[31m [0m   [2m39 [0m[2m│   │   [0mcorpus = [                                                              [31m [0m
[31m [0m   [2m40 [0m[2m│   │   │   [0m[96mself[0m.preprocess(doc)                                                [31m [0m
[31m [0m [31m❱ [0m41 [2m│   │   │   [0m[94mfor[0m doc [95min[0m [1;4mdocuments[[0m[1;4;33m"[0m[1;4;33mretrieval_text[0m[1;4;33m"[0m[1;4m][0m                              [31m [0m
[31m [0m   [2m42 [0m[2m│   │   [0m]                                                                       [31m [0m
[31m [0m   [2m43 [0m[2m│   │   [0m                                                                        [31m [0m
[31m [0m   [2m44 [0m[2m│   │   [0m[96mself[0m.bm25 = BM25Okapi(corpus)                                           [31m [0m
[31m [0m                                                                                      [31m [0m
[31m [0m [2;33m/usr/local/lib/python3.12/dist-packages/pandas/core/[0m[1;33mframe.py[0m:[94m4102[0m in [92m__getitem__[0m     [31m [0m
[31m [0m                                                                                      [31m [0m
[31m [0m   [2m 4099 [0m[2m│   │   [0m[94mif[0m is_single_key:                                                    [31m [0m
[31m [0m   [2m 4100 [0m[2m│   │   │   [0m[94mif[0m [96mself[0m.columns.nlevels > [94m1[0m:                                     [31m [0m
[31m [0m   [2m 4101 [0m[2m│   │   │   │   [0m[94mreturn[0m [96mself[0m._getitem_multilevel(key)                         [31m [0m
[31m [0m [31m❱ [0m 4102 [2m│   │   │   [0mindexer = [1;4;96mself[0m[1;4m.columns.get_loc(key)[0m                              [31m [0m
[31m [0m   [2m 4103 [0m[2m│   │   │   [0m[94mif[0m is_integer(indexer):                                          [31m [0m
[31m [0m   [2m 4104 [0m[2m│   │   │   │   [0mindexer = [indexer]                                          [31m [0m
[31m [0m   [2m 4105 [0m[2m│   │   [0m[94melse[0m:                                                                [31m [0m
[31m [0m                                                                                      [31m [0m
[31m [0m [2;33m/usr/local/lib/python3.12/dist-packages/pandas/core/indexes/[0m[1;33mbase.py[0m:[94m3812[0m in [92mget_loc[0m  [31m [0m
[31m [0m                                                                                      [31m [0m
[31m [0m   [2m3809 [0m[2m│   │   │   │   [0m[95mand[0m [96many[0m([96misinstance[0m(x, [96mslice[0m) [94mfor[0m x [95min[0m casted_key)             [31m [0m
[31m [0m   [2m3810 [0m[2m│   │   │   [0m):                                                                [31m [0m
[31m [0m   [2m3811 [0m[2m│   │   │   │   [0m[94mraise[0m InvalidIndexError(key)                                  [31m [0m
[31m [0m [31m❱ [0m3812 [2m│   │   │   [0m[1;4;94mraise[0m[1;4m [0m[1;4;96mKeyError[0m[1;4m(key) [0m[1;4;94mfrom[0m[1;4;90m [0m[1;4;96merr[0m                                      [31m [0m
[31m [0m   [2m3813 [0m[2m│   │   [0m[94mexcept[0m [96mTypeError[0m:                                                     [31m [0m
[31m [0m   [2m3814 [0m[2m│   │   │   [0m[2m# If we have a listlike key, _check_indexing_error will raise[0m     [31m [0m
[31m [0m   [2m3815 [0m[2m│   │   │   [0m[2m#  InvalidIndexError. Otherwise we fall through and re-raise[0m      [31m [0m
[31m────────────────────────────────────────────────────────────────────────────────────────[0m
[1;91mKeyError: [0m[32m'retrieval_text'[0m
  Stopping...
